2021-08-30 14:48:16,714 - INFO - MIRISim version: 2.4.0
2021-08-30 14:48:16,714 - INFO - MIRI Simulation started.
2021-08-30 14:48:16,715 - INFO - Output will be saved to: 20210830_144816_mirisim
2021-08-30 14:48:16,715 - INFO - Storing configs in output directory.
2021-08-30 14:48:17,491 - INFO - Reading cosmic ray properties from parameter file /home/aqwork/miniconda3/envs/mirisim/lib/python3.8/site-packages/miri/simulators/scasim/cosmic_ray_properties.py
2021-08-30 14:48:17,498 - INFO - Reading detector properties from parameter file /home/aqwork/miniconda3/envs/mirisim/lib/python3.8/site-packages/miri/simulators/scasim/detector_properties.py
2021-08-30 14:48:17,544 - INFO - Storing dither pattern in output directory.
2021-08-30 14:48:17,545 - INFO - Using $CDP_DIR for location of CDP files: /home/aqwork
2021-08-30 14:48:17,546 - INFO - Setting up simulated Observation, with following settings:
2021-08-30 14:48:17,546 - INFO - Configuration Path: IMA_FULL
2021-08-30 14:48:17,546 - INFO - Primary optical path: IMA
2021-08-30 14:48:17,547 - INFO - IMA Filter: F1280W
2021-08-30 14:48:17,547 - INFO - IMA Subarray: FULL
2021-08-30 14:48:17,547 - INFO - IMA detector readout mode: FAST
2021-08-30 14:48:17,547 - INFO - IMA detector # exposures: 1
2021-08-30 14:48:17,548 - INFO - IMA detector # integrations: 1
2021-08-30 14:48:17,548 - INFO - IMA detector # frames: 40
2021-08-30 14:48:17,548 - INFO - Parsing: Background
2021-08-30 14:48:17,549 - INFO - Initializing Background
2021-08-30 14:48:17,549 - INFO - Parsing: point_2
2021-08-30 14:48:17,549 - INFO - Initializing Point
2021-08-30 14:48:17,550 - INFO - Simulating dithered observation using pattern: ima_recommended_dither.dat
2021-08-30 14:48:17,558 - INFO - Number of dithers defined in dither pattern: 311
2021-08-30 14:48:17,558 - INFO - Starting index of executed dither pattern: 1
2021-08-30 14:48:17,558 - INFO - Number of executed dither positions: 2
2021-08-30 14:48:19,231 - INFO - Reading 'DISTORTION' model from '/home/aqwork/cdp/MIRI_FM_MIRIMAGE_DISTORTION_07.04.01.fits'
2021-08-30 14:48:19,818 - INFO - Reading 'DISTORTION' model from '/home/aqwork/cdp/MIRI_FM_MIRIMAGE_DISTORTION_07.04.01.fits'
2021-08-30 14:48:19,897 - INFO - Creating pointing for position 1
2021-08-30 14:48:19,897 - INFO - Creating exposure event for position 1
2021-08-30 14:48:19,898 - INFO - Reading 'DISTORTION' model from '/home/aqwork/cdp/MIRI_FM_MIRIMAGE_DISTORTION_07.04.01.fits'
2021-08-30 14:48:19,977 - INFO - Reading 'DISTORTION' model from '/home/aqwork/cdp/MIRI_FM_MIRIMAGE_DISTORTION_07.04.01.fits'
2021-08-30 14:48:20,048 - INFO - Creating pointing for position 2
2021-08-30 14:48:20,048 - INFO - Creating offset event before dither position 2
2021-08-30 14:48:20,048 - INFO - Creating exposure event for position 2
2021-08-30 14:48:20,049 - INFO - Reading 'DISTORTION' model from '/home/aqwork/cdp/MIRI_FM_MIRIMAGE_DISTORTION_07.04.01.fits'
2021-08-30 14:48:20,121 - INFO - Reading 'DISTORTION' model from '/home/aqwork/cdp/MIRI_FM_MIRIMAGE_DISTORTION_07.04.01.fits'
2021-08-30 14:48:20,236 - INFO - Observation simulation started.
2021-08-30 14:48:20,237 - INFO - Simulating ExposureEvent for pointing 1
2021-08-30 14:48:20,237 - INFO - Simulating Imager exposures for pointing 1
2021-08-30 14:48:20,237 - INFO - Simulating detector illumination for Imager exposures for pointing 1
2021-08-30 14:48:20,238 - INFO - Running ImSim.
2021-08-30 14:48:20,238 - INFO - Running MirimImager (version=36) for subarray=FULL
2021-08-30 14:48:20,239 - INFO - Reading 'AREA' model from '/home/aqwork/cdp/MIRI_FM_MIRIMAGE_AREA_07.00.00.fits'
2021-08-30 14:48:20,267 - INFO - Retrieving PCE CDP for filter : F1280W
2021-08-30 14:48:20,268 - INFO - Reading 'PCE' model from '/home/aqwork/cdp/MIRI_FM_MIRIMAGE_F1280W_PCE_07.00.00.fits'
2021-08-30 14:48:20,308 - INFO - Reading 'PSF' model from '/home/aqwork/cdp/MIRI_FM_MIRIMAGE_F1280W_PSF_07.02.00.fits'
2021-08-30 14:48:20,407 - INFO - Reading 'DISTORTION' model from '/home/aqwork/cdp/MIRI_FM_MIRIMAGE_DISTORTION_07.04.01.fits'
2021-08-30 14:48:20,476 - INFO - Processing point sources for IMAGER 
2021-08-30 14:48:26,605 - INFO - No extended sources
2021-08-30 14:48:26,609 - INFO - No SkyCube
2021-08-30 14:48:26,613 - INFO - Reading 'SKYFLAT' model from '/home/aqwork/cdp/MIRI_FM_MIRIMAGE_F1280W_SKYFLAT_07.00.00.fits'
2021-08-30 14:48:26,718 - INFO - Apply Footprint
2021-08-30 14:48:26,719 - INFO - Retrieving Foot Print from PIXELFLAT
2021-08-30 14:48:26,720 - INFO - Reading 'PIXELFLAT' model from '/home/aqwork/cdp/MIRI_FM_MIRIMAGE_SLOW_F1000W_PIXELFLAT_07.01.01.fits'
2021-08-30 14:48:26,875 - INFO - Wrote illumination model: 20210830_144816_mirisim/illum_models/illum_model_seq1_MIRIMAGE_F1280W.fits
2021-08-30 14:48:26,875 - INFO - Simulating integrated detector images for Imager exposures for pointing 1
2021-08-30 14:48:26,875 - INFO - Simulating Imager exposure 1
2021-08-30 14:48:26,878 - INFO - Running SCASim
2021-08-30 14:48:26,878 - INFO - Simulating  detector readout for MIRIMAGE from illumination data model of shape (1, 1024, 1032).
2021-08-30 14:48:26,890 - INFO - Results will be returned in an exposure data model.
2021-08-30 14:48:26,901 - INFO -   Detector readout mode is FAST (samplesum=1, sampleskip=0, nframe=1, groupgap=0) 
  with 1 integrations and ngroups=40 defined explicitly.
  Detector subarray mode is FULL.
2021-08-30 14:48:26,901 - INFO - Detector temperature = 6.70 K (which affects dark current and read noise).
2021-08-30 14:48:26,901 - INFO - Cosmic ray environment is SOLAR_MIN.
2021-08-30 14:48:26,902 - INFO - Reading cosmic ray library file: '/home/aqwork/miniconda3/envs/mirisim/lib/python3.8/site-packages/miri/simulators/data/cosmic_rays/CRs_SiAs_470_SUNMIN_04.fits'
2021-08-30 14:48:26,944 - INFO - Simulation control flags:
	Quantum efficiency simulation turned OFF.
	Poisson noise simulation turned ON.
	Read noise simulation turned ON.
	Reference pixels simulation turned ON.
	Bad pixels simulation turned ON.
	Dark current simulation turned ON.
	Flat-field simulation turned ON.
	Amplifier bias and gain turned ON.
	Detector non-linearity effects turned ON.
	Detector drift effects turned ON.
	Detector latency effects turned ON.
2021-08-30 14:48:26,945 - WARNING - ***Illumination map of size 1024 x 1032 is too large! Truncating to detector size of 1024 x 1024 pixels.
2021-08-30 14:48:26,946 - INFO - Input subarray mode obtained from illumination map: FULL
2021-08-30 14:48:26,946 - INFO - Detector properties translates input subarray FULL into None
2021-08-30 14:48:26,948 - INFO - Creating a new detector object for 1024 rows x 1024 columns.
2021-08-30 14:48:26,951 - INFO - Reading 'MASK' model from '/home/aqwork/cdp/MIRI_FM_MIRIMAGE_MASK_07.02.01.fits'
2021-08-30 14:48:27,002 - INFO - Reading 'GAIN' model from '/home/aqwork/cdp/MIRI_FM_MIRIMAGE_GAIN_04.00.00.fits'
2021-08-30 14:48:28,473 - INFO - Reading DARK model from '/home/aqwork/cdp/MIRI_FM_MIRIMAGE_FAST_DARK_06.01.00.fits'
2021-08-30 14:49:57,710 - INFO - Reading 'PIXELFLAT' model from '/home/aqwork/cdp/MIRI_FM_MIRIMAGE_FAST_F1280W_PIXELFLAT_07.01.01.fits'
2021-08-30 14:49:57,828 - INFO - Reading 'LINEARITY' model from '/home/aqwork/cdp/MIRI_FM_MIRIMAGE_LINEARITY_06.02.00.fits'
2021-08-30 14:49:58,077 - INFO - Reading 'READNOISE' model from '/home/aqwork/cdp/MIRI_FM_MIRIMAGE_FAST_READNOISE_07.01.00.fits'
2021-08-30 14:49:58,128 - INFO - Creating exposure_data with 1280 rows x 1032 columns plus 40 groups and 1 ints.
2021-08-30 14:49:58,354 - INFO - Simulating 1 integration.
2021-08-30 14:49:58,421 - INFO - Simulating 40 groups for integration 1.
2021-08-30 14:50:05,697 - INFO - Adding the DARK calibration from /home/aqwork/cdp/MIRI_FM_MIRIMAGE_FAST_DARK_06.01.00.fits
2021-08-30 14:50:06,191 - INFO - Correcting nonlinearity from MIRI_FM_MIRIMAGE_LINEARITY_06.02.00.fits
2021-08-30 14:50:10,292 - INFO - Output subarray undefined or FULL. SUBSTRT=(1,1), SUBSIZE=(1032,1024)
2021-08-30 14:50:10,292 - INFO - WCS keywords defined as CRPIX1=0, CRPIX2=0
2021-08-30 14:50:12,799 - INFO - Exposure time 111.00s (duration 112.06s) 
2021-08-30 14:50:14,368 - INFO - Wrote detector image: 20210830_144816_mirisim/det_images/det_image_seq1_MIRIMAGE_F1280Wexp1.fits
2021-08-30 14:50:14,369 - INFO - Simulating OffsetEvent, time elapsed: 30.0 seconds
2021-08-30 14:50:14,599 - INFO - Simulating ExposureEvent for pointing 2
2021-08-30 14:50:14,600 - INFO - Simulating Imager exposures for pointing 2
2021-08-30 14:50:14,600 - INFO - Simulating detector illumination for Imager exposures for pointing 2
2021-08-30 14:50:14,601 - INFO - Running ImSim.
2021-08-30 14:50:14,601 - INFO - Running MirimImager (version=36) for subarray=FULL
2021-08-30 14:50:14,602 - INFO - Reading 'AREA' model from '/home/aqwork/cdp/MIRI_FM_MIRIMAGE_AREA_07.00.00.fits'
2021-08-30 14:50:14,641 - INFO - Retrieving PCE CDP for filter : F1280W
2021-08-30 14:50:14,642 - INFO - Reading 'PCE' model from '/home/aqwork/cdp/MIRI_FM_MIRIMAGE_F1280W_PCE_07.00.00.fits'
2021-08-30 14:50:14,710 - INFO - Reading 'PSF' model from '/home/aqwork/cdp/MIRI_FM_MIRIMAGE_F1280W_PSF_07.02.00.fits'
2021-08-30 14:50:14,804 - INFO - Reading 'DISTORTION' model from '/home/aqwork/cdp/MIRI_FM_MIRIMAGE_DISTORTION_07.04.01.fits'
2021-08-30 14:50:14,925 - INFO - Processing point sources for IMAGER 
2021-08-30 14:50:23,229 - INFO - No extended sources
2021-08-30 14:50:23,235 - INFO - No SkyCube
2021-08-30 14:50:23,238 - INFO - Reading 'SKYFLAT' model from '/home/aqwork/cdp/MIRI_FM_MIRIMAGE_F1280W_SKYFLAT_07.00.00.fits'
2021-08-30 14:50:23,326 - INFO - Apply Footprint
2021-08-30 14:50:23,327 - INFO - Retrieving Foot Print from PIXELFLAT
2021-08-30 14:50:23,328 - INFO - Reading 'PIXELFLAT' model from '/home/aqwork/cdp/MIRI_FM_MIRIMAGE_SLOW_F1000W_PIXELFLAT_07.01.01.fits'
2021-08-30 14:50:23,664 - INFO - Wrote illumination model: 20210830_144816_mirisim/illum_models/illum_model_seq2_MIRIMAGE_F1280W.fits
2021-08-30 14:50:23,664 - INFO - Simulating integrated detector images for Imager exposures for pointing 2
2021-08-30 14:50:23,665 - INFO - Simulating Imager exposure 1
2021-08-30 14:50:23,667 - INFO - Running SCASim
2021-08-30 14:50:23,668 - INFO - Simulating  detector readout for MIRIMAGE from illumination data model of shape (1, 1024, 1032).
2021-08-30 14:50:23,699 - INFO - Results will be returned in an exposure data model.
2021-08-30 14:50:23,720 - INFO -   Detector readout mode is FAST (samplesum=1, sampleskip=0, nframe=1, groupgap=0) 
  with 1 integrations and ngroups=40 defined explicitly.
  Detector subarray mode is FULL.
2021-08-30 14:50:23,720 - INFO - Detector temperature = 6.70 K (which affects dark current and read noise).
2021-08-30 14:50:23,721 - INFO - Cosmic ray environment is SOLAR_MIN. (No change.)
2021-08-30 14:50:23,721 - INFO - Simulation control flags:
	Quantum efficiency simulation turned OFF.
	Poisson noise simulation turned ON.
	Read noise simulation turned ON.
	Reference pixels simulation turned ON.
	Bad pixels simulation turned ON.
	Dark current simulation turned ON.
	Flat-field simulation turned ON.
	Amplifier bias and gain turned ON.
	Detector non-linearity effects turned ON.
	Detector drift effects turned ON.
	Detector latency effects turned ON.
2021-08-30 14:50:23,721 - WARNING - ***Illumination map of size 1024 x 1032 is too large! Truncating to detector size of 1024 x 1024 pixels.
2021-08-30 14:50:23,724 - INFO - Input subarray mode obtained from illumination map: FULL
2021-08-30 14:50:23,724 - INFO - Detector properties translates input subarray FULL into None
2021-08-30 14:50:23,728 - INFO - Reading 'MASK' model from '/home/aqwork/cdp/MIRI_FM_MIRIMAGE_MASK_07.02.01.fits'
2021-08-30 14:50:23,802 - INFO - Reading 'GAIN' model from '/home/aqwork/cdp/MIRI_FM_MIRIMAGE_GAIN_04.00.00.fits'
2021-08-30 14:50:23,866 - INFO - Reading DARK model from '/home/aqwork/cdp/MIRI_FM_MIRIMAGE_FAST_DARK_06.01.00.fits'
2021-08-30 14:50:29,784 - INFO - Reading 'PIXELFLAT' model from '/home/aqwork/cdp/MIRI_FM_MIRIMAGE_FAST_F1280W_PIXELFLAT_07.01.01.fits'
2021-08-30 14:50:29,836 - INFO - Reading 'LINEARITY' model from '/home/aqwork/cdp/MIRI_FM_MIRIMAGE_LINEARITY_06.02.00.fits'
2021-08-30 14:50:30,030 - INFO - Reading 'READNOISE' model from '/home/aqwork/cdp/MIRI_FM_MIRIMAGE_FAST_READNOISE_07.01.00.fits'
2021-08-30 14:50:30,089 - INFO - Creating exposure_data with 1280 rows x 1032 columns plus 40 groups and 1 ints.
2021-08-30 14:50:30,280 - INFO - Simulating 1 integration.
2021-08-30 14:50:30,324 - INFO - Simulating 40 groups for integration 1.
2021-08-30 14:50:38,781 - INFO - Adding the DARK calibration from /home/aqwork/cdp/MIRI_FM_MIRIMAGE_FAST_DARK_06.01.00.fits
2021-08-30 14:50:39,180 - INFO - Correcting nonlinearity from MIRI_FM_MIRIMAGE_LINEARITY_06.02.00.fits
2021-08-30 14:50:40,197 - INFO - Output subarray undefined or FULL. SUBSTRT=(1,1), SUBSIZE=(1032,1024)
2021-08-30 14:50:40,198 - INFO - WCS keywords defined as CRPIX1=0, CRPIX2=0
2021-08-30 14:50:43,470 - INFO - Exposure time 111.00s (duration 112.06s) 
2021-08-30 14:50:46,023 - INFO - Wrote detector image: 20210830_144816_mirisim/det_images/det_image_seq2_MIRIMAGE_F1280Wexp1.fits
2021-08-30 14:50:46,023 - INFO - MIRI Simulation finished. Results have been saved to: 20210830_144816_mirisim

